build/app/intermediates/aapt_proguard_file/release/aapt_rules.txt
# Referenced at merged_manifests/release/AndroidManifest.xml:29
-keep class androidx.core.app.CoreComponentFactory { <init>(); }
# Referenced at merged_manifests/release/AndroidManifest.xml:170
-keep class com.google.android.datatransport.runtime.backends.TransportBackendDiscovery { <init>(); }
# Referenced at merged_manifests/release/AndroidManifest.xml:183
-keep class com.google.android.datatransport.runtime.scheduling.jobscheduling.AlarmManagerSchedulerBroadcastReceiver { <init>(); }
# Referenced at merged_manifests/release/AndroidManifest.xml:177
-keep class com.google.android.datatransport.runtime.scheduling.jobscheduling.JobInfoSchedulerService { <init>(); }
# Referenced at merged_manifests/release/AndroidManifest.xml:155
-keep class com.google.android.gms.common.api.GoogleApiActivity { <init>(); }
# Referenced at merged_manifests/release/AndroidManifest.xml:141
-keep class com.google.android.gms.measurement.AppMeasurementJobService { <init>(); }
# Referenced at merged_manifests/release/AndroidManifest.xml:131
-keep class com.google.android.gms.measurement.AppMeasurementReceiver { <init>(); }
# Referenced at merged_manifests/release/AndroidManifest.xml:137
-keep class com.google.android.gms.measurement.AppMeasurementService { <init>(); }
# Referenced at merged_manifests/release/AndroidManifest.xml:76
-keep class com.google.firebase.components.ComponentDiscoveryService { <init>(); }
# Referenced at merged_manifests/release/AndroidManifest.xml:123
-keep class com.google.firebase.iid.FirebaseInstanceIdReceiver { <init>(); }
# Referenced at merged_manifests/release/AndroidManifest.xml:106
-keep class com.google.firebase.messaging.FirebaseMessagingService { <init>(); }
# Referenced at merged_manifests/release/AndroidManifest.xml:160
-keep class com.google.firebase.provider.FirebaseInitProvider { <init>(); }
# Referenced at merged_manifests/release/AndroidManifest.xml:118
-keep class com.pichillilorenzo.flutter_inappbrowser.ChromeCustomTabs.ChromeCustomTabsActivity { <init>(); }
# Referenced at merged_manifests/release/AndroidManifest.xml:114
-keep class com.pichillilorenzo.flutter_inappbrowser.InAppBrowserActivity { <init>(); }
# Referenced at merged_manifests/release/AndroidManifest.xml:29
-keep class com.smartersvision.markets.Application { <init>(); }
# Referenced at merged_manifests/release/AndroidManifest.xml:41
-keep class com.smartersvision.markets.MainActivity { <init>(); }
# Referenced at merged_manifests/release/AndroidManifest.xml:71
-keep class io.flutter.plugins.firebasemessaging.FlutterFirebaseMessagingService { <init>(); }
# Referenced at merged_manifests/release/AndroidManifest.xml:147
-keep class io.flutter.plugins.urllauncher.WebViewActivity { <init>(); }
# Referenced at res/layout/abc_alert_dialog_button_bar_material.xml:43
# Referenced at res/layout/abc_alert_dialog_material.xml:52
# Referenced at res/layout/abc_alert_dialog_title_material.xml:56
-keep class android.widget.Space { <init>(...); }

# Referenced at res/layout/abc_select_dialog_material.xml:23
-keep class androidx.appcompat.app.AlertController$RecycleListView { <init>(...); }

# Referenced at res/layout/abc_action_menu_item_layout.xml:17
-keep class androidx.appcompat.view.menu.ActionMenuItemView { <init>(...); }

# Referenced at res/layout/abc_expanded_menu_layout.xml:17
-keep class androidx.appcompat.view.menu.ExpandedMenuView { <init>(...); }

# Referenced at res/layout/abc_cascading_menu_item_layout.xml:20
# Referenced at res/layout/abc_list_menu_item_layout.xml:17
# Referenced at res/layout/abc_popup_menu_item_layout.xml:17
-keep class androidx.appcompat.view.menu.ListMenuItemView { <init>(...); }

# Referenced at res/layout/abc_screen_toolbar.xml:27
-keep class androidx.appcompat.widget.ActionBarContainer { <init>(...); }

# Referenced at res/layout/abc_action_mode_bar.xml:19
# Referenced at res/layout/abc_screen_toolbar.xml:43
-keep class androidx.appcompat.widget.ActionBarContextView { <init>(...); }

# Referenced at res/layout/abc_screen_toolbar.xml:17
-keep class androidx.appcompat.widget.ActionBarOverlayLayout { <init>(...); }

# Referenced at res/layout/abc_action_menu_layout.xml:17
-keep class androidx.appcompat.widget.ActionMenuView { <init>(...); }

# Referenced at res/layout/abc_activity_chooser_view.xml:19
-keep class androidx.appcompat.widget.ActivityChooserView$InnerLayout { <init>(...); }

# Referenced at res/layout/abc_alert_dialog_material.xml:18
-keep class androidx.appcompat.widget.AlertDialogLayout { <init>(...); }

# Referenced at res/layout/abc_alert_dialog_button_bar_material.xml:26
-keep class androidx.appcompat.widget.ButtonBarLayout { <init>(...); }

# Referenced at res/layout/abc_screen_content_include.xml:19
-keep class androidx.appcompat.widget.ContentFrameLayout { <init>(...); }

# Referenced at res/layout/abc_alert_dialog_title_material.xml:45
-keep class androidx.appcompat.widget.DialogTitle { <init>(...); }

# Referenced at res/layout/abc_screen_simple_overlay_action_mode.xml:23
-keep class androidx.appcompat.widget.FitWindowsFrameLayout { <init>(...); }

# Referenced at res/layout/abc_dialog_title_material.xml:22
# Referenced at res/layout/abc_screen_simple.xml:17
-keep class androidx.appcompat.widget.FitWindowsLinearLayout { <init>(...); }

# Referenced at res/layout/abc_search_view.xml:75
-keep class androidx.appcompat.widget.SearchView$SearchAutoComplete { <init>(...); }

# Referenced at res/layout/abc_screen_toolbar.xml:36
-keep class androidx.appcompat.widget.Toolbar { <init>(...); }

# Referenced at res/layout/abc_screen_simple.xml:25
# Referenced at res/layout/abc_screen_simple_overlay_action_mode.xml:32
-keep class androidx.appcompat.widget.ViewStubCompat { <init>(...); }

# Referenced at res/layout/browser_actions_context_menu_page.xml:5
-keep class androidx.browser.browseractions.BrowserActionsFallbackMenuView { <init>(...); }

# Referenced at res/layout/abc_alert_dialog_material.xml:41
-keep class androidx.core.widget.NestedScrollView { <init>(...); }

# Referenced at release/layout/activity_web_view.xml:13
-keep class com.pichillilorenzo.flutter_inappbrowser.InAppWebView.InAppWebView { <init>(...); }

# Referenced at release/menu/menu_main.xml:36
-keepclassmembers class * { *** closeButtonClicked(android.view.MenuItem); }

# Referenced at release/menu/menu_main.xml:8
-keepclassmembers class * { *** goBackButtonClicked(android.view.MenuItem); }

# Referenced at release/menu/menu_main.xml:15
-keepclassmembers class * { *** goForwardButtonClicked(android.view.MenuItem); }

# Referenced at release/menu/menu_main.xml:29
-keepclassmembers class * { *** reloadButtonClicked(android.view.MenuItem); }

# Referenced at release/menu/menu_main.xml:22
-keepclassmembers class * { *** shareButtonClicked(android.view.MenuItem); }