build/app/outputs/mapping/release/seeds.txt
com.smartersvision.markets.MainActivity: MainActivity()
com.smartersvision.markets.MainActivity
com.smartersvision.markets.Application
com.smartersvision.markets.Application: Application()
...
com.pichillilorenzo.flutter_inappbrowser.R$attr: int background
com.pichillilorenzo.flutter_inappbrowser.R$id: int expand_activities_button
com.pichillilorenzo.flutter_inappbrowser.InAppWebView.InAppWebViewOptions: java.lang.Integer defaultFixedFontSize
com.pichillilorenzo.flutter_inappbrowser.R$dimen: int abc_progress_bar_height_material
io.flutter.view.FlutterCallbackInformation: java.lang.String callbackLibraryPath
androidx.appcompat.R$styleable: int AppCompatTheme_tooltipForegroundColor
androidx.appcompat.R$attr: int actionMenuTextColor
com.google.android.gms.internal.measurement.zzfi: java.util.Map zzd
com.google.android.gms.internal.measurement.zzbw$zza: com.google.android.gms.internal.measurement.zzbw$zzi zze
com.google.android.gms.measurement.AppMeasurement$ConditionalUserProperty: android.os.Bundle mTimedOutEventParams
com.pichillilorenzo.flutter_inappbrowser.R$styleable: int AppCompatTheme_listPreferredItemPaddingLeft
androidx.appcompat.R$dimen: int abc_seekbar_track_background_height_material
com.pichillilorenzo.flutter_inappbrowser.InAppWebView.InAppWebViewOptions: java.lang.Object onParse(java.util.Map$Entry)
com.baseflow.googleapiavailability.MethodCallHandlerImpl: int toPlayServiceAvailability(int)
androidx.appcompat.R$styleable: int ActionBar_contentInsetStartWithNavigation
androidx.appcompat.widget.AppCompatMultiAutoCompleteTextView: void setSupportBackgroundTintList(android.content.res.ColorStateList)
androidx.appcompat.R$styleable: int AppCompatTextView_autoSizeMaxTextSize
androidx.appcompat.R$styleable: int SwitchCompat_thumbTintMode
androidx.appcompat.R$id: int message
androidx.appcompat.R$styleable: int[] ColorStateListItem
com.pichillilorenzo.flutter_inappbrowser.R$attr: int actionModeShareDrawable
com.pichillilorenzo.flutter_inappbrowser.R$layout: int abc_action_mode_bar
androidx.appcompat.R$layout: int notification_template_icon_group
com.baseflow.geolocator.tasks.ReverseGeocodingTask: ReverseGeocodingTask(com.baseflow.geolocator.tasks.TaskContext)
com.pichillilorenzo.flutter_inappbrowser.R$color: int material_deep_teal_500
com.google.android.gms.internal.measurement.zzaa: android.os.Parcelable$Creator CREATOR
com.pichillilorenzo.flutter_inappbrowser.R$dimen: int hint_alpha_material_light
com.baseflow.googleapiavailability.R$integer
androidx.core.R$id: int accessibility_custom_action_1
com.baseflow.geolocator.R$id: int icon_group
com.baseflow.geolocator.R$styleable: int GradientColor_android_centerX
org.chromium.support_lib_boundary.WebViewClientBoundaryInterface: void onPageCommitVisible(android.webkit.WebView,java.lang.String)
com.pichillilorenzo.flutter_inappbrowser.InAppWebView.InAppWebView: void setDesktopMode(boolean)
androidx.appcompat.R$styleable: int AppCompatImageView_tint
com.pichillilorenzo.flutter_inappbrowser.R$anim: int abc_fade_out
androidx.appcompat.R$style: int Widget_Compat_NotificationActionText
androidx.core.R$styleable: int GradientColor_android_type
com.pichillilorenzo.flutter_inappbrowser.R$anim: int abc_shrink_fade_out_from_bottom
androidx.appcompat.R$id: int left
com.google.android.gms.internal.measurement.zzbw$zzg: long zzj
com.pichillilorenzo.flutter_inappbrowser.R$id: int action_mode_bar_stub
com.baseflow.geolocator.tasks.LocationUpdatesUsingLocationServicesTask$2: com.baseflow.geolocator.tasks.LocationUpdatesUsingLocationServicesTask this$0
androidx.appcompat.R$styleable: int AppCompatTextHelper_android_textAppearance
com.baseflow.googleapiavailability.R$dimen: int notification_small_icon_size_as_large
org.chromium.support_lib_boundary.ServiceWorkerWebSettingsBoundaryInterface: boolean getAllowContentAccess()
com.pichillilorenzo.flutter_inappbrowser.R$style: int Base_TextAppearance_AppCompat_Body1
androidx.appcompat.app.AppCompatActivity: void onPostResume()
androidx.appcompat.R$attr: int listLayout
androidx.appcompat.R$style: int Widget_AppCompat_Light_ActionBar_TabView
androidx.browser.R$dimen: int notification_content_margin_start