build/app/outputs/mapping/release/mapping.txt
# compiler: R8
# compiler_version: 1.6.82
# min_api: 19
# pg_map_id: 2c657c1
# common_typos_disable
com.smartersvision.markets.Application -> com.smartersvision.markets.Application:
    void registerWith(io.flutter.plugin.common.PluginRegistry) -> a
com.smartersvision.markets.FirebaseCloudMessagingPluginRegistrant -> com.smartersvision.markets.a:
    com.smartersvision.markets.FirebaseCloudMessagingPluginRegistrant INSTANCE -> a
    void registerWith(io.flutter.plugin.common.PluginRegistry) -> a
    boolean alreadyRegisteredWith(io.flutter.plugin.common.PluginRegistry) -> b
...
com.google.android.gms.auth.api.signin.internal.Storage -> com.google.android.gms.auth.api.signin.a.a:
    android.content.SharedPreferences zaal -> b
    com.google.android.gms.auth.api.signin.internal.Storage zaaj -> d
    java.util.concurrent.locks.Lock zaak -> a
    java.util.concurrent.locks.Lock zaai -> c
    com.google.android.gms.auth.api.signin.internal.Storage getInstance(android.content.Context) -> a
    com.google.android.gms.auth.api.signin.GoogleSignInAccount getSavedDefaultGoogleSignInAccount() -> a
    java.lang.String zab(java.lang.String,java.lang.String) -> a
    com.google.android.gms.auth.api.signin.GoogleSignInAccount zad(java.lang.String) -> a
    java.lang.String zaf(java.lang.String) -> b
com.google.android.gms.auth.api.signin.zab -> com.google.android.gms.auth.api.signin.b:
com.google.android.gms.base.R$drawable -> c.a.a.c.b.a:
com.google.android.gms.base.R$string -> c.a.a.c.b.b:
com.google.android.gms.common.BlockingServiceConnection -> c.a.a.c.c.a:
    boolean zzu -> a
    java.util.concurrent.BlockingQueue zzv -> b
    android.os.IBinder getServiceWithTimeout(long,java.util.concurrent.TimeUnit) -> a
com.google.android.gms.common.ConnectionResult -> c.a.a.c.c.b:
    com.google.android.gms.common.ConnectionResult RESULT_SUCCESS -> f
    int zzq -> b
    int zzr -> c
    java.lang.String zzt -> e
    android.app.PendingIntent zzs -> d
    java.lang.String zza(int) -> a
    int getErrorCode() -> d
    java.lang.String getErrorMessage() -> e
    android.app.PendingIntent getResolution() -> f
    boolean hasResolution() -> g
    boolean isSuccess() -> j
com.google.android.gms.common.ErrorDialogFragment -> c.a.a.c.c.c:
    android.content.DialogInterface$OnCancelListener zaaq -> c
    android.app.Dialog mDialog -> b
    com.google.android.gms.common.ErrorDialogFragment newInstance(android.app.Dialog,android.content.DialogInterface$OnCancelListener) -> a
com.google.android.gms.common.Feature -> c.a.a.c.c.d:
    long zzx -> d
    java.lang.String name -> b
    int zzw -> c
    java.lang.String getName() -> d
    long getVersion() -> e
com.google.android.gms.common.GoogleApiAvailability -> c.a.a.c.c.e:
    com.google.android.gms.common.GoogleApiAvailability zaao -> e
    java.lang.Object mLock -> d
    java.lang.String zaap -> c
    android.app.Dialog getErrorDialog(android.app.Activity,int,int,android.content.DialogInterface$OnCancelListener) -> a
    android.content.Intent getErrorResolutionIntent(android.content.Context,int,java.lang.String) -> a
    android.app.PendingIntent getErrorResolutionPendingIntent(android.content.Context,int,int) -> a
    android.app.PendingIntent getErrorResolutionPendingIntent(android.content.Context,com.google.android.gms.common.ConnectionResult) -> a
    java.lang.String getErrorString(int) -> a
    com.google.android.gms.common.GoogleApiAvailability getInstance() -> a
    int isGooglePlayServicesAvailable(android.content.Context,int) -> a
    boolean showErrorDialogFragment(android.app.Activity,int,int) -> a
    android.app.Dialog zaa(android.app.Activity,android.content.DialogInterface$OnCancelListener) -> a
    android.app.Dialog zaa(android.content.Context,int,com.google.android.gms.common.internal.DialogRedirect,android.content.DialogInterface$OnCancelListener) -> a
    com.google.android.gms.common.api.internal.zabo zaa(android.content.Context,com.google.android.gms.common.api.internal.zabq) -> a
    void zaa(android.app.Activity,android.app.Dialog,java.lang.String,android.content.DialogInterface$OnCancelListener) -> a
com.google.android.gms.common.GoogleApiAvailability$zaa -> c.a.a.c.c.e$a:
    android.content.Context zaas -> a
    com.google.android.gms.common.GoogleApiAvailability zaat -> b