build/app/outputs/mapping/release/usage.txt
com.smartersvision.markets.R$drawable
com.smartersvision.markets.R$menu
com.smartersvision.markets.R$integer
com.smartersvision.markets.R$mipmap
com.smartersvision.markets.R$anim
com.smartersvision.markets.BuildConfig
com.smartersvision.markets.R$color
com.smartersvision.markets.R$layout
com.smartersvision.markets.R$id
com.smartersvision.markets.R$style
com.smartersvision.markets.R$string
com.smartersvision.markets.R$bool
com.smartersvision.markets.R$attr
com.smartersvision.markets.R
com.smartersvision.markets.R$dimen
com.smartersvision.markets.R$styleable
...
org.junit.runners.parameterized.BlockJUnit4ClassRunnerWithParametersFactory
com.google.android.gms.maps.internal.zzag
org.junit.runner.manipulation.Sorter$1
org.junit.internal.runners.rules.RuleMemberValidator$MemberMustBeNonStaticOrAlsoClassRule
com.google.android.exoplayer2.audio.AudioSink:
    public abstract void setAudioSessionId(int)
    public static final long CURRENT_POSITION_NOT_SET
androidx.appcompat.view.menu.MenuDialogHelper:
    public void setPresenterCallback(androidx.appcompat.view.menu.MenuPresenter$Callback)
com.google.android.gms.common.api.internal.BasePendingResult:
    protected void <init>(android.os.Looper)
    protected void <init>(com.google.android.gms.common.api.internal.BasePendingResult$CallbackHandler)
    public final com.google.android.gms.common.api.Result await()
    public final void setResultCallback(com.google.android.gms.common.api.ResultCallback)
    public final void setResultCallback(com.google.android.gms.common.api.ResultCallback,long,java.util.concurrent.TimeUnit)
    public void cancel()
    public final boolean zar()
    public boolean isCanceled()
    public com.google.android.gms.common.api.TransformedResult then(com.google.android.gms.common.api.ResultTransform)
    public final void zaa(com.google.android.gms.common.api.internal.zacs)
    public final java.lang.Integer zal()
    protected final void setCancelToken(com.google.android.gms.common.internal.ICancelToken)
kotlin.collections.MapWithDefault
androidx.coordinatorlayout.R$layout
androidx.customview.R
com.google.android.gms.internal.location.zzy
androidx.core.app.NotificationCompat$Action$SemanticAction
okhttp3.Cache$CacheRequestImpl$1
com.google.android.gms.tasks.CancellationToken
androidx.vectordrawable.R$dimen
androidx.annotation.RawRes
io.flutter.plugins.urllauncher.R$layout
androidx.fragment.R$dimen
io.flutter.plugins.pathprovider.R$color
com.google.android.exoplayer2.extractor.ts.Ac3Extractor:
    private static final int MAX_SNIFF_BYTES
    private static final int AC3_SYNC_WORD
    private static final int MAX_SYNC_FRAME_SIZE
androidx.core.util.Consumer
androidx.lifecycle.Lifecycling:
    static androidx.lifecycle.GenericLifecycleObserver getCallback(java.lang.Object)
    private void <init>()
    private static final int REFLECTIVE_CALLBACK
    private static final int GENERATED_CALLBACK
com.google.android.gms.internal.base.zak
androidx.appcompat.graphics.drawable.StateListDrawable:
    void <init>()
    private void updateStateFromTypedArray(android.content.res.TypedArray)
    private void inflateChildElements(android.content.Context,android.content.res.Resources,org.xmlpull.v1.XmlPullParser,android.util.AttributeSet,android.content.res.Resources$Theme)
    public void addState(int[],android.graphics.drawable.Drawable)
    public void inflate(android.content.Context,android.content.res.Resources,org.xmlpull.v1.XmlPullParser,android.util.AttributeSet,android.content.res.Resources$Theme)
    androidx.appcompat.graphics.drawable.StateListDrawable$StateListState getStateListState()
    int getStateCount()
    int[] getStateSet(int)
    android.graphics.drawable.Drawable getStateDrawable(int)
    int getStateDrawableIndex(int[])
    void clearMutated()
    private static final java.lang.String TAG
    private static final boolean DEBUG
androidx.vectordrawable.graphics.drawable.Animatable2Compat$AnimationCallback$1
androidx.core.app.NotificationCompat$BigPictureStyle:
    public void <init>(androidx.core.app.NotificationCompat$Builder)
    public androidx.core.app.NotificationCompat$BigPictureStyle setBigContentTitle(java.lang.CharSequence)
    public androidx.core.app.NotificationCompat$BigPictureStyle setSummaryText(java.lang.CharSequence)
com.google.android.exoplayer2.C$AudioContentType
com.google.android.exoplayer2.extractor.mp4.Mp4Extractor$Flags
androidx.core.content.pm.ShortcutInfoCompatSaver$NoopImpl